<?xml version="1.0" encoding="UTF-8"?>
<testsuites name="Mocha Tests" time="2.699" tests="6" failures="3">
  <testsuite name="Root Suite" timestamp="2022-11-04T14:52:35" tests="0" time="0.000" failures="0">
  </testsuite>
  <testsuite name="API tests in ReportPortal" timestamp="2022-11-04T14:52:35" tests="6" file="D:\Automation Program Global - Advanced\Homework 7 - CI-CD\demo-reportportal-api-project\test.spec.js" time="2.698" failures="3">
    <testcase name="API tests in ReportPortal API test - get token" time="1.009" classname="API test - get token">
    </testcase>
    <testcase name="API tests in ReportPortal API tests - create the widget" time="0.500" classname="API tests - create the widget">
      <failure message="expected undefined to equal &apos;257836&apos;" type="AssertionError"><![CDATA[AssertionError: expected undefined to equal '257836'
    at Context.<anonymous> (test.spec.js:30:40)
    at processTicksAndRejections (node:internal/process/task_queues:96:5)

      + expected - actual:  failed to generate Mocha diff
]]></failure>
    </testcase>
    <testcase name="API tests in ReportPortal API tests - update the widget" time="0.462" classname="API tests - update the widget">
      <failure message="expected undefined to equal &apos;157988&apos;" type="AssertionError"><![CDATA[AssertionError: expected undefined to equal '157988'
    at Context.<anonymous> (test.spec.js:39:40)
    at processTicksAndRejections (node:internal/process/task_queues:96:5)

      + expected - actual:  failed to generate Mocha diff
]]></failure>
    </testcase>
    <testcase name="API tests in ReportPortal API tests - delete the widget" time="0.240" classname="API tests - delete the widget">
      <failure message="expected 400 to equal 200" type="AssertionError"><![CDATA[AssertionError: expected 400 to equal 200
    at Context.<anonymous> (test.spec.js:47:40)
    at processTicksAndRejections (node:internal/process/task_queues:96:5)

      + expected - actual

      -400
      +200
      ]]></failure>
    </testcase>
    <testcase name="API tests in ReportPortal API tests - create the widget with incorrect request data" time="0.230" classname="API tests - create the widget with incorrect request data">
    </testcase>
    <testcase name="API tests in ReportPortal API tests - create the dashboard with incorrect request data" time="0.241" classname="API tests - create the dashboard with incorrect request data">
    </testcase>
  </testsuite>
</testsuites>